0 info it worked if it ends with ok
1 verbose cli [ '/usr/local/bin/node', '/usr/local/bin/npm', 'publish' ]
2 info using npm@3.8.6
3 info using node@v5.11.0
4 verbose publish [ '.' ]
5 silly cache add args [ '.', null ]
6 verbose cache add spec .
7 silly cache add parsed spec Result {
7 silly cache add   raw: '.',
7 silly cache add   scope: null,
7 silly cache add   name: null,
7 silly cache add   rawSpec: '.',
7 silly cache add   spec: '/Users/Asoiso/project/components/lk-components/fis3-parser-babeljs',
7 silly cache add   type: 'directory' }
8 verbose addLocalDirectory /Users/Asoiso/.npm/fis-parser-babeljs/0.1.0/package.tgz not in flight; packing
9 verbose correctMkdir /Users/Asoiso/.npm correctMkdir not in flight; initializing
10 info lifecycle fis-parser-babeljs@0.1.0~prepublish: fis-parser-babeljs@0.1.0
11 silly lifecycle fis-parser-babeljs@0.1.0~prepublish: no script for prepublish, continuing
12 verbose tar pack [ '/Users/Asoiso/.npm/fis-parser-babeljs/0.1.0/package.tgz',
12 verbose tar pack   '/Users/Asoiso/project/components/lk-components/fis3-parser-babeljs' ]
13 verbose tarball /Users/Asoiso/.npm/fis-parser-babeljs/0.1.0/package.tgz
14 verbose folder /Users/Asoiso/project/components/lk-components/fis3-parser-babeljs
15 verbose addLocalTarball adding from inside cache /Users/Asoiso/.npm/fis-parser-babeljs/0.1.0/package.tgz
16 verbose correctMkdir /Users/Asoiso/.npm correctMkdir not in flight; initializing
17 silly cache afterAdd fis-parser-babeljs@0.1.0
18 verbose afterAdd /Users/Asoiso/.npm/fis-parser-babeljs/0.1.0/package/package.json not in flight; writing
19 verbose correctMkdir /Users/Asoiso/.npm correctMkdir not in flight; initializing
20 verbose afterAdd /Users/Asoiso/.npm/fis-parser-babeljs/0.1.0/package/package.json written
21 silly publish { name: 'fis-parser-babeljs',
21 silly publish   version: '0.1.0',
21 silly publish   description: 'A　Plugin to translate es6 to es5 based on babel in fis.',
21 silly publish   main: 'index.js',
21 silly publish   scripts: { test: 'echo "Error: no test specified" && exit 1' },
21 silly publish   keywords: [ 'fis', 'parser', 'babel', 'es2015' ],
21 silly publish   repository:
21 silly publish    { type: 'git',
21 silly publish      url: 'git+https://github.com/asoiso/fis-parser-babeljs.git' },
21 silly publish   author: { name: 'asoiso@foxmail.com' },
21 silly publish   license: 'BSD-2-Clause',
21 silly publish   dependencies:
21 silly publish    { 'babel-core': '^6.9.0',
21 silly publish      'babel-preset-es2015': '^6.9.0',
21 silly publish      'babel-preset-react': '^6.5.0',
21 silly publish      'babel-preset-stage-0': '^6.5.0',
21 silly publish      'babel-preset-stage-1': '^6.5.0',
21 silly publish      'babel-preset-stage-2': '^6.5.0',
21 silly publish      'babel-preset-stage-3': '^6.5.0' },
21 silly publish   readme: 'fis-parser-babeljs\n=====================\n\n\nA　Plugin to translate es6 to es5 based on babel in fis.\n\n\n\n### INSTALL\n\n```bash\nnpm install -g fis-parser-babeljs\n```\n\n### USE\n\n- in fis3\n\n\n\t```js\n\tfis3.match(\'js/**.js\', {\n        parser: fis.plugin(\'babel-lk\',{\n          "presets": ["es2015", "react", "stage-0"]\n      })\n    })\n\t```\n\n- in fis\n\n\t```js\n\tfis.config.set(\'modules.parser.js\', \'babeljs\');\n\tfis.config.set(\'settings.parser.babeljs\', {\n\t\t// options\n\t});\n\n\tfis.config.set(\'roadmap.path\', [\n\t\t{\n\t\t\treg: \'/es6/**.js\',\n\t\t\tisES6: true\n\t\t},\n\t\t{\n\t\t\treg: \'**.js\',\n\t\t\tisES6: false // 排除其他\n\t\t}\n\t].concat(fis.config.get(\'roadmap.path\', []));\n\t```\n',
21 silly publish   readmeFilename: 'README.md',
21 silly publish   gitHead: '8bef2257f381be661d94feb2188e5b1e10ce69c7',
21 silly publish   bugs: { url: 'https://github.com/asoiso/fis-parser-babeljs/issues' },
21 silly publish   homepage: 'https://github.com/asoiso/fis-parser-babeljs#readme',
21 silly publish   _id: 'fis-parser-babeljs@0.1.0',
21 silly publish   _shasum: '756a8500807377cd54ba4cc7678d707be37b9ae4',
21 silly publish   _from: '.' }
22 verbose getPublishConfig undefined
23 silly mapToRegistry name fis-parser-babeljs
24 silly mapToRegistry using default registry
25 silly mapToRegistry registry https://registry.npmjs.org/
26 silly mapToRegistry data Result {
26 silly mapToRegistry   raw: 'fis-parser-babeljs',
26 silly mapToRegistry   scope: null,
26 silly mapToRegistry   name: 'fis-parser-babeljs',
26 silly mapToRegistry   rawSpec: '',
26 silly mapToRegistry   spec: 'latest',
26 silly mapToRegistry   type: 'tag' }
27 silly mapToRegistry uri https://registry.npmjs.org/fis-parser-babeljs
28 verbose publish registryBase https://registry.npmjs.org/
29 silly publish uploading /Users/Asoiso/.npm/fis-parser-babeljs/0.1.0/package.tgz
30 verbose request uri https://registry.npmjs.org/fis-parser-babeljs
31 verbose request sending authorization for write operation
32 info attempt registry request try #1 at 11:59:02 PM
33 verbose request using bearer token for auth
34 verbose request id 654eb0b4bb19a167
35 http request PUT https://registry.npmjs.org/fis-parser-babeljs
36 http 403 https://registry.npmjs.org/fis-parser-babeljs
37 verbose headers { 'content-type': 'application/json',
37 verbose headers   'cache-control': 'max-age=300',
37 verbose headers   'content-length': '95',
37 verbose headers   'accept-ranges': 'bytes',
37 verbose headers   date: 'Tue, 24 May 2016 15:59:03 GMT',
37 verbose headers   via: '1.1 varnish',
37 verbose headers   connection: 'keep-alive',
37 verbose headers   'x-served-by': 'cache-nrt6121-NRT',
37 verbose headers   'x-cache': 'MISS',
37 verbose headers   'x-cache-hits': '0',
37 verbose headers   'x-timer': 'S1464105542.888195,VS0,VE404',
37 verbose headers   vary: 'Accept-Encoding' }
38 verbose request invalidating /Users/Asoiso/.npm/registry.npmjs.org/fis-parser-babeljs on PUT
39 error publish Failed PUT 403
40 verbose stack Error: "You cannot publish over the previously published version 0.1.0." : fis-parser-babeljs
40 verbose stack     at makeError (/usr/local/lib/node_modules/npm/node_modules/npm-registry-client/lib/request.js:264:12)
40 verbose stack     at CachingRegistryClient.<anonymous> (/usr/local/lib/node_modules/npm/node_modules/npm-registry-client/lib/request.js:252:14)
40 verbose stack     at Request._callback (/usr/local/lib/node_modules/npm/node_modules/npm-registry-client/lib/request.js:172:14)
40 verbose stack     at Request.self.callback (/usr/local/lib/node_modules/npm/node_modules/request/request.js:199:22)
40 verbose stack     at emitTwo (events.js:100:13)
40 verbose stack     at Request.emit (events.js:185:7)
40 verbose stack     at Request.<anonymous> (/usr/local/lib/node_modules/npm/node_modules/request/request.js:1036:10)
40 verbose stack     at emitOne (events.js:95:20)
40 verbose stack     at Request.emit (events.js:182:7)
40 verbose stack     at IncomingMessage.<anonymous> (/usr/local/lib/node_modules/npm/node_modules/request/request.js:963:12)
41 verbose statusCode 403
42 verbose pkgid fis-parser-babeljs
43 verbose cwd /Users/Asoiso/project/components/lk-components/fis3-parser-babeljs
44 error Darwin 15.4.0
45 error argv "/usr/local/bin/node" "/usr/local/bin/npm" "publish"
46 error node v5.11.0
47 error npm  v3.8.6
48 error code E403
49 error "You cannot publish over the previously published version 0.1.0." : fis-parser-babeljs
50 error If you need help, you may report this error at:
50 error     <https://github.com/npm/npm/issues>
51 verbose exit [ 1, true ]
